<?xml version="1.0" encoding="UTF-8"?>
<!-- Generated by org.testng.reporters.JUnitReportReporter -->
<testsuite hostname="Saju-Laptop" failures="0" tests="1" name="Testpkg.LoginTest" time="0.328" errors="0" timestamp="2024-11-27T12:27:30 IST" skipped="0">
  <testcase classname="Testpkg.LoginTest" name="testUserLogin" time="0.328"/>
</testsuite> <!-- Testpkg.LoginTest -->
