<?xml version="1.0" encoding="UTF-8"?>
<!-- Generated by org.testng.reporters.JUnitReportReporter -->
<testsuite hostname="Saju-Laptop" failures="0" tests="1" name="Testpkg.RegistrationTest" time="3.548" errors="0" timestamp="2024-11-27T12:04:09 IST" skipped="0">
  <testcase classname="Testpkg.RegistrationTest" name="testRegisterNewUser" time="3.548"/>
</testsuite> <!-- Testpkg.RegistrationTest -->
