<?xml version="1.0" encoding="UTF-8"?>
<!-- Generated by org.testng.reporters.JUnitReportReporter -->
<testsuite hostname="Saju-Laptop" failures="0" tests="1" name="pkg.Demo" time="0.446" errors="0" timestamp="2024-11-03T19:14:53 IST" skipped="0">
  <testcase classname="pkg.Demo" name="test" time="0.446"/>
</testsuite> <!-- pkg.Demo -->
